data, suma, ilość krajów, ilość obwodów
sob 18 maj 22:24:49 2024 CEST,11599,90,294
sob 18 maj 22:46:25 2024 CEST,11618,90,294
sob 18 maj 23:01:43 2024 CEST,11637,90,294
sob 18 maj 23:31:40 2024 CEST,11653,90,294
ndz 19 maj 00:01:40 2024 CEST,11670,90,294
ndz 19 maj 00:31:44 2024 CEST,11688,90,294
ndz 19 maj 01:01:41 2024 CEST,11698,90,294
ndz 19 maj 01:31:40 2024 CEST,11703,90,294
ndz 19 maj 13:18:58 2024 CEST,12105,90,294
ndz 19 maj 14:01:36 2024 CEST,12181,90,294
ndz 19 maj 15:02:03 2024 CEST,12271,90,294
ndz 19 maj 16:01:41 2024 CEST,12343,90,294
ndz 19 maj 17:19:53 2024 CEST,12443,90,294
ndz 19 maj 18:01:42 2024 CEST,12503,90,294
ndz 19 maj 18:56:15 2024 CEST,12597,90,294
ndz 19 maj 19:01:39 2024 CEST,12598,90,294
ndz 19 maj 23:01:41 2024 CEST,13094,90,294
pon 20 maj 11:25:16 2024 CEST,13099,90,280
pon 20 maj 12:00:55 2024 CEST,13806,90,294
pon 20 maj 13:01:00 2024 CEST,13961,90,294
pon 20 maj 18:01:05 2024 CEST,14624,90,294
pon 20 maj 23:01:47 2024 CEST,15590,90,294
wto 21 maj 00:01:41 2024 CEST,15718,90,294
wto 21 maj 13:17:07 2024 CEST,16542,90,294
wto 21 maj 14:01:45 2024 CEST,16626,90,294
wto 21 maj 15:01:42 2024 CEST,16762,90,294
wto 21 maj 16:01:43 2024 CEST,16881,90,294
wto 21 maj 21:01:45 2024 CEST,17744,90,294
wto 21 maj 22:01:40 2024 CEST,17943,90,294
śro 22 maj 00:01:38 2024 CEST,18213,90,294
śro 22 maj 10:01:38 2024 CEST,18657,90,294
śro 22 maj 11:02:11 2024 CEST,18760,90,294
śro 22 maj 12:00:40 2024 CEST,18890,90,294
śro 22 maj 18:31:08 2024 CEST,19714,90,294
śro 22 maj 20:00:43 2024 CEST,19945,90,294
śro 22 maj 22:00:40 2024 CEST,20380,90,294
czw 23 maj 00:00:40 2024 CEST,20625,90,294
czw 23 maj 10:00:38 2024 CEST,21047,90,294
czw 23 maj 12:00:35 2024 CEST,21292,90,294
czw 23 maj 14:00:38 2024 CEST,21538,90,294
czw 23 maj 16:00:42 2024 CEST,21771,90,294
czw 23 maj 18:00:36 2024 CEST,21993,90,294
czw 23 maj 20:06:36 2024 CEST,22377,90,294
czw 23 maj 22:00:38 2024 CEST,22743,90,294
ptk 24 maj 00:00:37 2024 CEST,23011,90,294
ptk 24 maj 10:00:40 2024 CEST,23484,90,294
ptk 24 maj 12:00:41 2024 CEST,23750,90,294
ptk 24 maj 16:00:43 2024 CEST,24234,90,294
ptk 24 maj 18:00:49 2024 CEST,24509,90,294
ptk 24 maj 20:00:43 2024 CEST,24774,90,294
ptk 24 maj 22:00:40 2024 CEST,25043,90,294
sob 25 maj 00:00:43 2024 CEST,25235,90,294
sob 25 maj 11:52:51 2024 CEST,25752,90,294
sob 25 maj 12:00:40 2024 CEST,25773,90,294
sob 25 maj 13:23:45 2024 CEST,26003,90,294
sob 25 maj 14:00:41 2024 CEST,26084,90,294
sob 25 maj 14:14:27 2024 CEST,26109,90,294
sob 25 maj 16:28:11 2024 CEST,26389,90,294
sob 25 maj 18:00:40 2024 CEST,26604,90,294
sob 25 maj 21:46:42 2024 CEST,27171,90,294
sob 25 maj 22:00:44 2024 CEST,27199,90,294
ndz 26 maj 00:01:16 2024 CEST,27398,90,294
ndz 26 maj 12:01:12 2024 CEST,28037,90,294
ndz 26 maj 14:01:03 2024 CEST,28340,90,294
ndz 26 maj 16:00:56 2024 CEST,28817,90,294
ndz 26 maj 17:12:41 2024 CEST,29023,90,294
ndz 26 maj 23:04:44 2024 CEST,30993,90,294
pon 27 maj 00:46:51 2024 CEST,31105,90,294
pon 27 maj 10:00:51 2024 CEST,31786,90,294
pon 27 maj 13:13:21 2024 CEST,32589,90,294
pon 27 maj 14:00:44 2024 CEST,32761,90,294
pon 27 maj 16:00:39 2024 CEST,33259,90,294
pon 27 maj 18:00:41 2024 CEST,33743,90,294
pon 27 maj 20:00:39 2024 CEST,34300,90,294
pon 27 maj 22:39:11 2024 CEST,35115,90,294
wto 28 maj 00:00:39 2024 CEST,35371,90,294
wto 28 maj 10:25:46 2024 CEST,36114,90,294
wto 28 maj 12:00:39 2024 CEST,36397,90,294
wto 28 maj 14:00:42 2024 CEST,36808,90,294
wto 28 maj 18:00:41 2024 CEST,37607,90,294
wto 28 maj 20:00:41 2024 CEST,38308,90,294
śro 29 maj 00:41:56 2024 CEST,39651,90,294
śro 29 maj 08:40:17 2024 CEST,40257,89,298
śro 29 maj 12:38:48 2024 CEST,41036,89,298
śro 29 maj 18:00:40 2024 CEST,42134,89,298
śro 29 maj 20:23:57 2024 CEST,42584,89,298
śro 29 maj 22:00:42 2024 CEST,43052,89,298
czw 30 maj 00:00:40 2024 CEST,43450,89,298
czw 30 maj 11:23:02 2024 CEST,44464,89,298
czw 30 maj 12:00:43 2024 CEST,44698,89,298
czw 30 maj 14:46:06 2024 CEST,45336,89,298
czw 30 maj 17:31:04 2024 CEST,46203,89,298
czw 30 maj 20:03:50 2024 CEST,47237,89,298
czw 30 maj 21:13:59 2024 CEST,47691,89,298
czw 30 maj 22:00:40 2024 CEST,47965,89,298
ptk 31 maj 00:13:05 2024 CEST,48575,89,298
ptk 31 maj 12:00:38 2024 CEST,49938,89,298
ptk 31 maj 14:00:37 2024 CEST,50507,89,298
ptk 31 maj 16:00:33 2024 CEST,50974,89,298
ptk 31 maj 18:00:35 2024 CEST,51527,89,298
ptk 31 maj 20:00:36 2024 CEST,52214,89,298
ptk 31 maj 23:09:53 2024 CEST,53195,89,298
sob 1 cze 00:00:37 2024 CEST,53378,89,298
sob 1 cze 01:47:56 2024 CEST,53541,89,298
sob 1 cze 14:02:46 2024 CEST,55432,89,298
sob 1 cze 16:00:40 2024 CEST,55967,89,298
sob 1 cze 18:00:41 2024 CEST,56554,89,298
sob 1 cze 20:00:42 2024 CEST,57245,89,298
sob 1 cze 22:00:41 2024 CEST,57937,89,298
ndz 2 cze 00:00:43 2024 CEST,58506,89,298
ndz 2 cze 01:01:16 2024 CEST,58686,89,298
ndz 2 cze 13:07:45 2024 CEST,60879,89,298
ndz 2 cze 14:00:37 2024 CEST,61277,89,298
ndz 2 cze 15:11:57 2024 CEST,61822,89,298
ndz 2 cze 16:50:11 2024 CEST,62545,89,298
