czw 30 maj 22:00:41 2024 CEST: 47965
Wielka Brytania +10812 10812 22,5%
Niemcy +5966 16778 35,0%
Stany Zjednoczone Ameryki +3829 20607 43,0%
Belgia +2855 23462 48,9%
Holandia +2309 25771 53,7%
Norwegia +2059 27830 58,0%
Hiszpania +2059 29889 62,3%
Francja +1893 31782 66,3%
Szwajcaria +1766 33548 69,9%
Włochy +1634 35182 73,3%
Kanada +1368 36550 76,2%
Austria +1236 37786 78,8%
Irlandia +1230 39016 81,3%
Szwecja +791 39807 83,0%
Dania +681 40488 84,4%
Grecja +576 41064 85,6%
Luksemburg +532 41596 86,7%
Portugalia +501 42097 87,8%
Czechy +439 42536 88,7%
Australia +421 42957 89,6%
Islandia +370 43327 90,3%
Chorwacja +344 43671 91,0%
Bułgaria +252 43923 91,6%
Turcja +218 44141 92,0%
Japonia +208 44349 92,5%
Państwo Zjednoczonych Emiratów Arabskich +198 44547 92,9%
Chiny +198 44745 93,3%
Malta +187 44932 93,7%
Węgry +175 45107 94,0%
Finlandia +138 45245 94,3%
Cypr +137 45382 94,6%
Łotwa +130 45512 94,9%
Słowacja +127 45639 95,2%
Rumunia +115 45754 95,4%
Singapur +108 45862 95,6%
Egipt +94 45956 95,8%
Izrael +90 46046 96,0%
Litwa +89 46135 96,2%
Korea +75 46210 96,3%
Słowenia +68 46278 96,5%
Kosowo +68 46346 96,6%
Gruzja +68 46414 96,8%
Republika Południowej Afryki +66 46480 96,9%
Tajlandia +65 46545 97,0%
Liban +64 46609 97,2%
Indonezja +61 46670 97,3%
Tajwan +58 46728 97,4%
Tunezja +55 46783 97,5%
Argentyna +55 46838 97,7%
Czarnogóra +54 46892 97,8%
Arabia Saudyjska +52 46944 97,9%
Rosja +46 46990 98,0%
Indie +46 47036 98,1%
Estonia +46 47082 98,2%
Malezja +45 47127 98,3%
Kazachstan +45 47172 98,3%
Wietnam +44 47216 98,4%
Meksyk +44 47260 98,5%
Katar +43 47303 98,6%
Peru +41 47344 98,7%
Maroko +41 47385 98,8%
Uzbekistan +37 47422 98,9%
Nowa Zelandia +35 47457 98,9%
Bośnia i Hercegowina +33 47490 99,0%
Kuwejt +30 47520 99,1%
Wenezuela +27 47547 99,1%
Kolumbia +27 47574 99,2%
Chile +27 47601 99,2%
Serbia +26 47627 99,3%
Oman +25 47652 99,3%
Macedonia +25 47677 99,4%
Jordania +25 47702 99,5%
Brazylia +25 47727 99,5%
Białoruś +25 47752 99,6%
Mołdawia +24 47776 99,6%
Algier +21 47797 99,6%
Filipiny +19 47816 99,7%
Azerbejdżan +19 47835 99,7%
Kenia +18 47853 99,8%
Panama +17 47870 99,8%
Senegal +15 47885 99,8%
Pakistan +15 47900 99,9%
Mongolia +15 47915 99,9%
Armenia +13 47928 99,9%
Etiopia +9 47937 99,9%
Kuba +8 47945 100,0%
Iran +8 47953 100,0%
Tanzania +7 47960 100,0%
Nigeria +5 47965 100,0%
